  Board.cpp
C:\Users\carra\Downloads\PVZReborn\PVZReborn\src\SexyAppFramework\KeyCodes.h(102,2): warning C4091: 'typedef ': se ha omitido a la izquierda de 'Sexy::KeyCode' cuando no hay ninguna variable declarada
  (compilando archivo de origen "../Lawn/Board.cpp")
  
C:\Users\carra\Downloads\PVZReborn\PVZReborn\src\Sexy.TodLib\TodCommon.h(133,82): warning C4244: 'return': conversión de 'double' a 'float'; posible pérdida de datos
  (compilando archivo de origen "../Lawn/Board.cpp")
  
C:\Users\carra\Downloads\PVZReborn\PVZReborn\src\Sexy.TodLib\TodCommon.h(135,80): warning C4244: 'return': conversión de 'float' a 'int'; posible pérdida de datos
  (compilando archivo de origen "../Lawn/Board.cpp")
  
C:\Users\carra\Downloads\PVZReborn\PVZReborn\src\Lawn\Board.cpp(670,21): warning C4244: '*=': conversión de 'float' a 'int'; posible pérdida de datos
C:\Users\carra\Downloads\PVZReborn\PVZReborn\src\Lawn\Board.cpp(862,3): warning C4003: no hay suficientes argumentos para la invocación de macro "TOD_ASSERT" de tipo función
C:\Users\carra\Downloads\PVZReborn\PVZReborn\src\Lawn\Board.cpp(1007,3): warning C4003: no hay suficientes argumentos para la invocación de macro "TOD_ASSERT" de tipo función
C:\Users\carra\Downloads\PVZReborn\PVZReborn\src\Lawn\Board.cpp(1071,3): warning C4003: no hay suficientes argumentos para la invocación de macro "TOD_ASSERT" de tipo función
C:\Users\carra\Downloads\PVZReborn\PVZReborn\src\Lawn\Board.cpp(1155,5): warning C4003: no hay suficientes argumentos para la invocación de macro "TOD_ASSERT" de tipo función
C:\Users\carra\Downloads\PVZReborn\PVZReborn\src\Lawn\Board.cpp(1573,21): warning C4244: '=': conversión de 'int' a 'float'; posible pérdida de datos
C:\Users\carra\Downloads\PVZReborn\PVZReborn\src\Lawn\Board.cpp(1581,69): warning C4244: 'argumento': conversión de 'float' a 'int'; posible pérdida de datos
C:\Users\carra\Downloads\PVZReborn\PVZReborn\src\Lawn\Board.cpp(1581,59): warning C4244: 'argumento': conversión de 'float' a 'int'; posible pérdida de datos
C:\Users\carra\Downloads\PVZReborn\PVZReborn\src\Lawn\Board.cpp(1581,108): warning C4244: 'argumento': conversión de 'float' a 'int'; posible pérdida de datos
C:\Users\carra\Downloads\PVZReborn\PVZReborn\src\Lawn\Board.cpp(1581,98): warning C4244: 'argumento': conversión de 'float' a 'int'; posible pérdida de datos
C:\Users\carra\Downloads\PVZReborn\PVZReborn\src\Lawn\Board.cpp(1581,97): warning C4244: 'argumento': conversión de 'int' a 'float'; posible pérdida de datos
C:\Users\carra\Downloads\PVZReborn\PVZReborn\src\Lawn\Board.cpp(1581,79): warning C4244: 'argumento': conversión de 'int' a 'float'; posible pérdida de datos
C:\Users\carra\Downloads\PVZReborn\PVZReborn\src\Lawn\Board.cpp(1633,29): warning C4244: '=': conversión de 'int' a 'float'; posible pérdida de datos
C:\Users\carra\Downloads\PVZReborn\PVZReborn\src\Lawn\Board.cpp(1634,29): warning C4244: '=': conversión de 'int' a 'float'; posible pérdida de datos
C:\Users\carra\Downloads\PVZReborn\PVZReborn\src\Lawn\Board.cpp(1636,77): warning C4244: 'argumento': conversión de 'int' a 'float'; posible pérdida de datos
C:\Users\carra\Downloads\PVZReborn\PVZReborn\src\Lawn\Board.cpp(1636,69): warning C4244: 'argumento': conversión de 'int' a 'float'; posible pérdida de datos
C:\Users\carra\Downloads\PVZReborn\PVZReborn\src\Lawn\Board.cpp(1810,54): warning C4244: 'argumento': conversión de 'float' a 'int'; posible pérdida de datos
C:\Users\carra\Downloads\PVZReborn\PVZReborn\src\Lawn\Board.cpp(1810,30): warning C4244: 'argumento': conversión de 'float' a 'int'; posible pérdida de datos
C:\Users\carra\Downloads\PVZReborn\PVZReborn\src\Lawn\Board.cpp(1815,33): warning C4244: 'argumento': conversión de 'int' a 'float'; posible pérdida de datos
C:\Users\carra\Downloads\PVZReborn\PVZReborn\src\Lawn\Board.cpp(2120,31): warning C4244: 'argumento': conversión de 'int' a 'float'; posible pérdida de datos
C:\Users\carra\Downloads\PVZReborn\PVZReborn\src\Lawn\Board.cpp(2120,24): warning C4244: 'argumento': conversión de 'int' a 'float'; posible pérdida de datos
C:\Users\carra\Downloads\PVZReborn\PVZReborn\src\Lawn\Board.cpp(2125,31): warning C4244: 'argumento': conversión de 'int' a 'float'; posible pérdida de datos
C:\Users\carra\Downloads\PVZReborn\PVZReborn\src\Lawn\Board.cpp(2125,24): warning C4244: 'argumento': conversión de 'int' a 'float'; posible pérdida de datos
C:\Users\carra\Downloads\PVZReborn\PVZReborn\src\Lawn\Board.cpp(2278,23): warning C4003: no hay suficientes argumentos para la invocación de macro "TOD_ASSERT" de tipo función
C:\Users\carra\Downloads\PVZReborn\PVZReborn\src\Lawn\Board.cpp(3665,78): warning C4244: 'argumento': conversión de 'int' a 'float'; posible pérdida de datos
C:\Users\carra\Downloads\PVZReborn\PVZReborn\src\Lawn\Board.cpp(3665,60): warning C4244: 'argumento': conversión de 'int' a 'float'; posible pérdida de datos
C:\Users\carra\Downloads\PVZReborn\PVZReborn\src\Lawn\Board.cpp(3665,57): warning C4244: 'argumento': conversión de 'int' a 'float'; posible pérdida de datos
C:\Users\carra\Downloads\PVZReborn\PVZReborn\src\Lawn\Board.cpp(3665,54): warning C4244: 'argumento': conversión de 'int' a 'float'; posible pérdida de datos
C:\Users\carra\Downloads\PVZReborn\PVZReborn\src\Lawn\Board.cpp(3968,3): warning C4003: no hay suficientes argumentos para la invocación de macro "TOD_ASSERT" de tipo función
C:\Users\carra\Downloads\PVZReborn\PVZReborn\src\Lawn\Board.cpp(4083,60): warning C4244: 'argumento': conversión de 'int' a 'float'; posible pérdida de datos
C:\Users\carra\Downloads\PVZReborn\PVZReborn\src\Lawn\Board.cpp(4083,54): warning C4244: 'argumento': conversión de 'int' a 'float'; posible pérdida de datos
C:\Users\carra\Downloads\PVZReborn\PVZReborn\src\Lawn\Board.cpp(4147,19): warning C4244: 'inicializando': conversión de 'int' a 'float'; posible pérdida de datos
C:\Users\carra\Downloads\PVZReborn\PVZReborn\src\Lawn\Board.cpp(4148,67): warning C4244: 'argumento': conversión de 'int' a 'float'; posible pérdida de datos
C:\Users\carra\Downloads\PVZReborn\PVZReborn\src\Lawn\Board.cpp(4148,50): warning C4244: 'argumento': conversión de 'int' a 'float'; posible pérdida de datos
C:\Users\carra\Downloads\PVZReborn\PVZReborn\src\Lawn\Board.cpp(4148,36): warning C4244: 'argumento': conversión de 'int' a 'float'; posible pérdida de datos
C:\Users\carra\Downloads\PVZReborn\PVZReborn\src\Lawn\Board.cpp(4148,33): warning C4244: 'argumento': conversión de 'int' a 'float'; posible pérdida de datos
C:\Users\carra\Downloads\PVZReborn\PVZReborn\src\Lawn\Board.cpp(4156,48): warning C4244: 'argumento': conversión de 'int' a 'float'; posible pérdida de datos
C:\Users\carra\Downloads\PVZReborn\PVZReborn\src\Lawn\Board.cpp(4156,36): warning C4244: 'argumento': conversión de 'int' a 'float'; posible pérdida de datos
C:\Users\carra\Downloads\PVZReborn\PVZReborn\src\Lawn\Board.cpp(4156,22): warning C4244: 'argumento': conversión de 'int' a 'float'; posible pérdida de datos
C:\Users\carra\Downloads\PVZReborn\PVZReborn\src\Lawn\Board.cpp(4156,19): warning C4244: 'argumento': conversión de 'int' a 'float'; posible pérdida de datos
C:\Users\carra\Downloads\PVZReborn\PVZReborn\src\Lawn\Board.cpp(4297,56): warning C4244: 'argumento': conversión de 'float' a '_T'; posible pérdida de datos
C:\Users\carra\Downloads\PVZReborn\PVZReborn\src\Lawn\Board.cpp(4297,56): warning C4244:         with
C:\Users\carra\Downloads\PVZReborn\PVZReborn\src\Lawn\Board.cpp(4297,56): warning C4244:         [
C:\Users\carra\Downloads\PVZReborn\PVZReborn\src\Lawn\Board.cpp(4297,56): warning C4244:             _T=int
C:\Users\carra\Downloads\PVZReborn\PVZReborn\src\Lawn\Board.cpp(4297,56): warning C4244:         ]
C:\Users\carra\Downloads\PVZReborn\PVZReborn\src\Lawn\Board.cpp(4297,36): warning C4244: 'argumento': conversión de 'float' a '_T'; posible pérdida de datos
C:\Users\carra\Downloads\PVZReborn\PVZReborn\src\Lawn\Board.cpp(4297,36): warning C4244:         with
C:\Users\carra\Downloads\PVZReborn\PVZReborn\src\Lawn\Board.cpp(4297,36): warning C4244:         [
C:\Users\carra\Downloads\PVZReborn\PVZReborn\src\Lawn\Board.cpp(4297,36): warning C4244:             _T=int
C:\Users\carra\Downloads\PVZReborn\PVZReborn\src\Lawn\Board.cpp(4297,36): warning C4244:         ]
C:\Users\carra\Downloads\PVZReborn\PVZReborn\src\Lawn\Board.cpp(4468,3): warning C4003: no hay suficientes argumentos para la invocación de macro "TOD_ASSERT" de tipo función
C:\Users\carra\Downloads\PVZReborn\PVZReborn\src\Lawn\Board.cpp(5013,96): warning C4244: '+=': conversión de 'float' a 'int'; posible pérdida de datos
C:\Users\carra\Downloads\PVZReborn\PVZReborn\src\Lawn\Board.cpp(5498,58): warning C4244: '=': conversión de 'float' a 'int'; posible pérdida de datos
C:\Users\carra\Downloads\PVZReborn\PVZReborn\src\Lawn\Board.cpp(5531,17): warning C4244: 'inicializando': conversión de 'int' a 'float'; posible pérdida de datos
C:\Users\carra\Downloads\PVZReborn\PVZReborn\src\Lawn\Board.cpp(5532,17): warning C4244: 'inicializando': conversión de 'int' a 'float'; posible pérdida de datos
C:\Users\carra\Downloads\PVZReborn\PVZReborn\src\Lawn\Board.cpp(5678,16): warning C4244: 'inicializando': conversión de 'int' a 'float'; posible pérdida de datos
C:\Users\carra\Downloads\PVZReborn\PVZReborn\src\Lawn\Board.cpp(5679,16): warning C4244: 'inicializando': conversión de 'int' a 'float'; posible pérdida de datos
C:\Users\carra\Downloads\PVZReborn\PVZReborn\src\Lawn\Board.cpp(5680,29): warning C4244: 'argumento': conversión de 'float' a 'int'; posible pérdida de datos
C:\Users\carra\Downloads\PVZReborn\PVZReborn\src\Lawn\Board.cpp(5680,22): warning C4244: 'argumento': conversión de 'float' a 'int'; posible pérdida de datos
C:\Users\carra\Downloads\PVZReborn\PVZReborn\src\Lawn\Board.cpp(5788,68): warning C4244: 'argumento': conversión de 'float' a 'int'; posible pérdida de datos
C:\Users\carra\Downloads\PVZReborn\PVZReborn\src\Lawn\Board.cpp(5788,42): warning C4244: 'argumento': conversión de 'float' a 'int'; posible pérdida de datos
C:\Users\carra\Downloads\PVZReborn\PVZReborn\src\Lawn\Board.cpp(6010,21): warning C4003: no hay suficientes argumentos para la invocación de macro "TOD_ASSERT" de tipo función
C:\Users\carra\Downloads\PVZReborn\PVZReborn\src\Lawn\Board.cpp(6359,97): warning C4244: 'argumento': conversión de 'float' a 'int'; posible pérdida de datos
C:\Users\carra\Downloads\PVZReborn\PVZReborn\src\Lawn\Board.cpp(6622,4): warning C4003: no hay suficientes argumentos para la invocación de macro "TOD_ASSERT" de tipo función
C:\Users\carra\Downloads\PVZReborn\PVZReborn\src\Lawn\Board.cpp(6868,90): warning C4244: 'argumento': conversión de 'int' a 'float'; posible pérdida de datos
C:\Users\carra\Downloads\PVZReborn\PVZReborn\src\Lawn\Board.cpp(6868,56): warning C4244: 'argumento': conversión de 'int' a 'float'; posible pérdida de datos
C:\Users\carra\Downloads\PVZReborn\PVZReborn\src\Lawn\Board.cpp(6872,90): warning C4244: 'argumento': conversión de 'int' a 'float'; posible pérdida de datos
C:\Users\carra\Downloads\PVZReborn\PVZReborn\src\Lawn\Board.cpp(6872,56): warning C4244: 'argumento': conversión de 'int' a 'float'; posible pérdida de datos
C:\Users\carra\Downloads\PVZReborn\PVZReborn\src\Lawn\Board.cpp(6876,90): warning C4244: 'argumento': conversión de 'int' a 'float'; posible pérdida de datos
C:\Users\carra\Downloads\PVZReborn\PVZReborn\src\Lawn\Board.cpp(6876,56): warning C4244: 'argumento': conversión de 'int' a 'float'; posible pérdida de datos
C:\Users\carra\Downloads\PVZReborn\PVZReborn\src\Lawn\Board.cpp(7214,3): warning C4003: no hay suficientes argumentos para la invocación de macro "TOD_ASSERT" de tipo función
C:\Users\carra\Downloads\PVZReborn\PVZReborn\src\Lawn\Board.cpp(7438,18): warning C4244: 'inicializando': conversión de 'float' a 'int'; posible pérdida de datos
C:\Users\carra\Downloads\PVZReborn\PVZReborn\src\Lawn\Board.cpp(7538,16): warning C4244: 'inicializando': conversión de 'int' a 'float'; posible pérdida de datos
C:\Users\carra\Downloads\PVZReborn\PVZReborn\src\Lawn\Board.cpp(7540,16): warning C4244: 'inicializando': conversión de 'double' a 'float'; posible pérdida de datos
C:\Users\carra\Downloads\PVZReborn\PVZReborn\src\Lawn\Board.cpp(7542,18): warning C4244: 'inicializando': conversión de 'double' a 'float'; posible pérdida de datos
C:\Users\carra\Downloads\PVZReborn\PVZReborn\src\Lawn\Board.cpp(7543,18): warning C4244: 'inicializando': conversión de 'double' a 'float'; posible pérdida de datos
C:\Users\carra\Downloads\PVZReborn\PVZReborn\src\Lawn\Board.cpp(7545,18): warning C4244: 'inicializando': conversión de 'double' a 'float'; posible pérdida de datos
C:\Users\carra\Downloads\PVZReborn\PVZReborn\src\Lawn\Board.cpp(7547,22): warning C4244: 'inicializando': conversión de 'double' a 'int'; posible pérdida de datos
C:\Users\carra\Downloads\PVZReborn\PVZReborn\src\Lawn\Board.cpp(7548,26): warning C4244: 'inicializando': conversión de 'float' a 'int'; posible pérdida de datos
C:\Users\carra\Downloads\PVZReborn\PVZReborn\src\Lawn\Board.cpp(7560,38): warning C4244: 'argumento': conversión de 'float' a 'int'; posible pérdida de datos
C:\Users\carra\Downloads\PVZReborn\PVZReborn\src\Lawn\Board.cpp(7560,31): warning C4244: 'argumento': conversión de 'float' a 'int'; posible pérdida de datos
C:\Users\carra\Downloads\PVZReborn\PVZReborn\src\Lawn\Board.cpp(7564,44): warning C4244: 'argumento': conversión de 'float' a 'int'; posible pérdida de datos
C:\Users\carra\Downloads\PVZReborn\PVZReborn\src\Lawn\Board.cpp(7564,38): warning C4244: 'argumento': conversión de 'float' a 'int'; posible pérdida de datos
C:\Users\carra\Downloads\PVZReborn\PVZReborn\src\Lawn\Board.cpp(7658,23): warning C4244: 'inicializando': conversión de 'int' a 'float'; posible pérdida de datos
C:\Users\carra\Downloads\PVZReborn\PVZReborn\src\Lawn\Board.cpp(8313,45): warning C4806: '==': operación no segura: ningún valor del tipo 'bool' promovido al tipo 'LawnMowerState' puede igualar la constante proporcionada
C:\Users\carra\Downloads\PVZReborn\PVZReborn\src\Lawn\Board.cpp(8906,2): warning C4003: no hay suficientes argumentos para la invocación de macro "TOD_ASSERT" de tipo función
C:\Users\carra\Downloads\PVZReborn\PVZReborn\src\Lawn\Board.cpp(9090,21): warning C4244: 'return': conversión de 'int' a 'float'; posible pérdida de datos
C:\Users\carra\Downloads\PVZReborn\PVZReborn\src\Lawn\Board.cpp(9746,2): warning C4003: no hay suficientes argumentos para la invocación de macro "TOD_ASSERT" de tipo función
C:\Users\carra\Downloads\PVZReborn\PVZReborn\src\Lawn\Board.cpp(9835,2): warning C4003: no hay suficientes argumentos para la invocación de macro "TOD_ASSERT" de tipo función
C:\Users\carra\Downloads\PVZReborn\PVZReborn\src\Lawn\Board.cpp(9899,2): warning C4003: no hay suficientes argumentos para la invocación de macro "TOD_ASSERT" de tipo función
C:\Users\carra\Downloads\PVZReborn\PVZReborn\src\Lawn\Board.cpp(2280,1): warning C4715: 'Board::GetTopPlantAt': no todas las rutas de acceso de control devuelven un valor
C:\Users\carra\Downloads\PVZReborn\PVZReborn\src\Lawn\Board.cpp(8907,1): warning C4715: 'Board::LeftFogColumn': no todas las rutas de acceso de control devuelven un valor
C:\Users\carra\Downloads\PVZReborn\PVZReborn\src\Lawn\Board.cpp(9747,1): warning C4715: 'Board::GetNumWavesPerSurvivalStage': no todas las rutas de acceso de control devuelven un valor
C:\Users\carra\Downloads\PVZReborn\PVZReborn\src\Lawn\Board.cpp(9836,1): warning C4715: 'Board::CanUseGameObject': no todas las rutas de acceso de control devuelven un valor
  SexyAppBase.vcxproj -> C:\Users\carra\Downloads\PVZReborn\PVZReborn\src\Debug\LawnProject.exe
